<?xml version="1.0" encoding="UTF-8"?>
<!-- Generated by org.testng.reporters.JUnitReportReporter -->
<testsuite hostname="LAPTOP-FJTGI5L7" failures="0" tests="1" name="Practice.SecuinceTestNg" time="7.089" errors="0" timestamp="2020-12-27T20:07:04 EST" skipped="0">
  <testcase classname="Practice.SecuinceTestNg" name="Testc" time="7.089"/>
  <system-out/>
</testsuite> <!-- Practice.SecuinceTestNg -->
