<?xml version="1.0" encoding="UTF-8"?>
<!-- Generated by org.testng.reporters.JUnitReportReporter -->
<testsuite hostname="LAPTOP-FJTGI5L7" failures="0" tests="2" name="CrigList.PostList" time="0.012" errors="0" timestamp="2020-12-27T12:09:42 EST" skipped="0">
  <testcase classname="CrigList.PostList" name="postIphone" time="0.006"/>
  <system-out/>
  <testcase classname="CrigList.PostList" name="Testc" time="0.006"/>
  <system-out/>
</testsuite> <!-- CrigList.PostList -->
