<?xml version="1.0" encoding="UTF-8"?>
<!-- Generated by org.testng.reporters.JUnitReportReporter -->
<testsuite hostname="LAPTOP-FJTGI5L7" failures="0" tests="2" name="TestNgProblemSlove.Parameteranotation" time="0.005" errors="0" timestamp="2021-01-18T19:42:39 EST" skipped="0">
  <testcase classname="TestNgProblemSlove.Parameteranotation" name="exclude" time="0.003"/>
  <system-out/>
  <testcase classname="TestNgProblemSlove.Parameteranotation" name="Demo" time="0.002"/>
  <system-out/>
</testsuite> <!-- TestNgProblemSlove.Parameteranotation -->
