<?xml version="1.0" encoding="UTF-8"?>
<!-- Generated by org.testng.reporters.JUnitReportReporter -->
<testsuite hostname="LAPTOP-FJTGI5L7" failures="0" tests="1" name="Practice.parameter" time="0.008" errors="0" timestamp="2021-01-18T18:09:01 EST" skipped="0">
  <testcase classname="Practice.parameter" name="Demo" time="0.008"/>
  <system-out/>
</testsuite> <!-- Practice.parameter -->
