<?xml version="1.0" encoding="UTF-8"?>
<!-- Generated by org.testng.reporters.JUnitReportReporter -->
<testsuite hostname="LAPTOP-FJTGI5L7" failures="0" tests="2" name="Practice.CrigList" time="11.882" errors="0" timestamp="2021-01-03T14:29:33 EST" skipped="0">
  <testcase classname="Practice.CrigList" name="postIphone" time="6.209"/>
  <system-out/>
  <testcase classname="Practice.CrigList" name="Testc" time="5.673"/>
  <system-out/>
</testsuite> <!-- Practice.CrigList -->
