<?xml version="1.0" encoding="UTF-8"?>
<!-- Generated by org.testng.reporters.JUnitReportReporter -->
<testsuite hostname="LAPTOP-FJTGI5L7" failures="0" tests="4" name="Practice.CrigList" time="0.014" errors="0" timestamp="2021-01-16T20:35:50 EST" skipped="0">
  <testcase classname="Practice.CrigList" name="Description" time="0.005"/>
  <system-out/>
  <testcase classname="Practice.CrigList" name="postIphone1" time="0.001"/>
  <system-out/>
  <testcase classname="Practice.CrigList" name="Testc1" time="0.005"/>
  <system-out/>
  <testcase classname="Practice.CrigList" name="Parameter" time="0.003"/>
  <system-out/>
</testsuite> <!-- Practice.CrigList -->
