<?xml version="1.0" encoding="UTF-8"?>
<!-- Generated by org.testng.reporters.JUnitReportReporter -->
<testsuite hostname="LAPTOP-FJTGI5L7" failures="0" tests="4" name="Practice.CrigList" time="0.013" errors="0" timestamp="2021-01-04T21:17:22 EST" skipped="0">
  <testcase classname="Practice.CrigList" name="Testc" time="0.007"/>
  <system-out/>
  <testcase classname="Practice.CrigList" name="postIphone" time="0.002"/>
  <system-out/>
  <testcase classname="Practice.CrigList" name="Testc1" time="0.003"/>
  <system-out/>
  <testcase classname="Practice.CrigList" name="postIphone1" time="0.001"/>
  <system-out/>
</testsuite> <!-- Practice.CrigList -->
