<?xml version="1.0" encoding="UTF-8"?>
<!-- Generated by org.testng.reporters.JUnitReportReporter -->
<testsuite hostname="LAPTOP-FJTGI5L7" failures="0" tests="1" name="CrigList.PostList" time="22.223" errors="0" timestamp="2020-12-28T19:19:24 EST" skipped="0">
  <testcase classname="CrigList.PostList" name="Testc" time="22.223"/>
  <system-out/>
</testsuite> <!-- CrigList.PostList -->
