<?xml version="1.0" encoding="UTF-8"?>
<!-- Generated by org.testng.reporters.JUnitReportReporter -->
<testsuite hostname="LAPTOP-FJTGI5L7" failures="0" tests="2" name="TestNgProblemSlove.SecuinceTestNg" time="0.014" errors="0" timestamp="2021-01-18T19:42:39 EST" skipped="0">
  <testcase classname="TestNgProblemSlove.SecuinceTestNg" name="Test" time="0.011"/>
  <system-out/>
  <testcase classname="TestNgProblemSlove.SecuinceTestNg" name="Testc" time="0.003"/>
  <system-out/>
</testsuite> <!-- TestNgProblemSlove.SecuinceTestNg -->
