<?xml version="1.0" encoding="UTF-8"?>
<!-- Generated by org.testng.reporters.JUnitReportReporter -->
<testsuite hostname="LAPTOP-FJTGI5L7" failures="0" tests="1" name="CrigList.PostList" time="27.372" errors="0" timestamp="2020-12-31T20:52:10 EST" skipped="0">
  <testcase classname="CrigList.PostList" name="Post" time="27.372"/>
  <system-out/>
</testsuite> <!-- CrigList.PostList -->
