<?xml version="1.0" encoding="UTF-8"?>
<!-- Generated by org.testng.reporters.JUnitReportReporter -->
<testsuite hostname="LAPTOP-FJTGI5L7" failures="0" tests="4" name="TestNgProblemSlove.DescriptionAnotation" time="0.013" errors="0" timestamp="2021-01-18T19:42:39 EST" skipped="0">
  <testcase classname="TestNgProblemSlove.DescriptionAnotation" name="postIphone1" time="0.001"/>
  <system-out/>
  <testcase classname="TestNgProblemSlove.DescriptionAnotation" name="Testc1" time="0.002"/>
  <system-out/>
  <testcase classname="TestNgProblemSlove.DescriptionAnotation" name="Description" time="0.007"/>
  <system-out/>
  <testcase classname="TestNgProblemSlove.DescriptionAnotation" name="Parameter" time="0.003"/>
  <system-out/>
</testsuite> <!-- TestNgProblemSlove.DescriptionAnotation -->
