<?xml version="1.0" encoding="UTF-8"?>
<!-- Generated by org.testng.reporters.JUnitReportReporter -->
<testsuite hostname="DESKTOP-ER66OEO" failures="0" tests="1" name="CrigList.PostList" time="6.280" errors="0" timestamp="2023-03-16T11:24:46 EDT" skipped="0">
  <testcase classname="CrigList.PostList" name="Post" time="6.280"/>
  <system-out/>
</testsuite> <!-- CrigList.PostList -->
