<?xml version="1.0" encoding="UTF-8"?>
<!-- Generated by org.testng.reporters.JUnitReportReporter -->
<testsuite hostname="LAPTOP-FJTGI5L7" failures="0" tests="2" name="Practice.SecuinceTestNg" time="0.007" errors="0" timestamp="2021-01-18T18:09:01 EST" skipped="0">
  <testcase classname="Practice.SecuinceTestNg" name="Test" time="0.003"/>
  <system-out/>
  <testcase classname="Practice.SecuinceTestNg" name="Testc" time="0.004"/>
  <system-out/>
</testsuite> <!-- Practice.SecuinceTestNg -->
