<?xml version="1.0" encoding="UTF-8"?>
<!-- Generated by org.testng.reporters.JUnitReportReporter -->
<testsuite hostname="LAPTOP-FJTGI5L7" failures="0" tests="1" name="Practice.SecuinceTestNg" time="21.540" errors="0" timestamp="2020-12-27T21:04:18 EST" skipped="0">
  <testcase classname="Practice.SecuinceTestNg" name="Testc" time="21.540"/>
  <system-out/>
</testsuite> <!-- Practice.SecuinceTestNg -->
