<?xml version="1.0" encoding="UTF-8"?>
<!-- Generated by org.testng.reporters.JUnitReportReporter -->
<testsuite hostname="LAPTOP-FJTGI5L7" failures="0" tests="4" name="CrigList.PostList" time="114.530" errors="0" timestamp="2021-01-03T12:14:09 EST" skipped="0">
  <testcase classname="CrigList.PostList" name="PostData" time="19.970"/>
  <system-out/>
  <testcase classname="CrigList.PostList" name="PostData" time="24.025"/>
  <system-out/>
  <testcase classname="CrigList.PostList" name="PostData" time="28.458"/>
  <system-out/>
  <testcase classname="CrigList.PostList" name="PostData" time="42.077"/>
  <system-out/>
</testsuite> <!-- CrigList.PostList -->
